18:51:21.668 [main] INFO  userDefinedLibraries.LoggerClass - Starting Execution in local envirnoment.......
18:51:21.678 [main] INFO  userDefinedLibraries.LoggerClass - ==========================================
18:51:21.678 [main] INFO  userDefinedLibraries.LoggerClass - Opening Url in Chrome Browser
18:51:21.678 [main] INFO  userDefinedLibraries.LoggerClass - ==========================================
18:51:27.207 [main] INFO  userDefinedLibraries.LoggerClass - Url Opened successfully in......
18:51:27.769 [main] INFO  userDefinedLibraries.LoggerClass - Clicked on travel insurance option
18:51:32.068 [main] INFO  userDefinedLibraries.LoggerClass - Clicked on European Countries
18:51:34.138 [main] INFO  userDefinedLibraries.LoggerClass - Selected the Germany as a destination country 
18:51:40.436 [main] INFO  userDefinedLibraries.LoggerClass - Clicked on Next button 
18:51:50.631 [main] INFO  userDefinedLibraries.LoggerClass - Selected Start date from datepicker 
18:51:56.081 [main] INFO  userDefinedLibraries.LoggerClass - Selected End date from datepicker 
18:51:59.217 [main] INFO  userDefinedLibraries.LoggerClass - Clicked on Next button 
18:52:03.449 [main] INFO  userDefinedLibraries.LoggerClass - Selected no of persons for Insurance plan
18:52:09.895 [main] INFO  userDefinedLibraries.LoggerClass - Selected 1st person age
18:52:14.330 [main] INFO  userDefinedLibraries.LoggerClass - Selected 2nd person age
18:52:20.861 [main] INFO  userDefinedLibraries.LoggerClass - Selected Medical condition of the travellors
18:52:25.251 [main] INFO  userDefinedLibraries.LoggerClass - Entered Mobile Number
18:52:27.659 [main] INFO  userDefinedLibraries.LoggerClass - Clicked On ViewPlans
18:52:32.927 [main] INFO  userDefinedLibraries.LoggerClass - Clicked On Student Plans
18:52:40.250 [main] INFO  userDefinedLibraries.LoggerClass - Filled the Student Details
18:52:42.593 [main] INFO  userDefinedLibraries.LoggerClass - Selcted Travel Duration
18:52:47.109 [main] INFO  userDefinedLibraries.LoggerClass - Sorted the plans
18:52:51.897 [main] INFO  userDefinedLibraries.LoggerClass - Printed The 3 Lowest Plans
18:52:53.371 [main] INFO  userDefinedLibraries.LoggerClass - Moving to Car Insurance Option
18:52:53.647 [main] INFO  userDefinedLibraries.LoggerClass - Clicked on Car Insurance Option
18:52:56.580 [main] INFO  userDefinedLibraries.LoggerClass - Clicked on New Car Option 
18:52:58.843 [main] INFO  userDefinedLibraries.LoggerClass - Selected City 
18:52:59.909 [main] INFO  userDefinedLibraries.LoggerClass - Selected Rto
18:53:03.065 [main] INFO  userDefinedLibraries.LoggerClass - Selected Car Brand 
18:53:07.327 [main] INFO  userDefinedLibraries.LoggerClass - Selected Car Model 
18:53:08.448 [main] INFO  userDefinedLibraries.LoggerClass - Selected Car Varient 
18:53:10.766 [main] INFO  userDefinedLibraries.LoggerClass - Sent Invalid EmailId as input
18:53:10.993 [main] INFO  userDefinedLibraries.LoggerClass - Captured Error message of Invalid Email
18:54:52.124 [main] INFO  userDefinedLibraries.LoggerClass - Moving to Insurance Product Dropdown
18:54:54.398 [main] INFO  userDefinedLibraries.LoggerClass - Printing All the Insurance in Health Insurance Menu 
18:55:00.773 [main] INFO  userDefinedLibraries.LoggerClass - Closed browser successfully
18:55:00.774 [main] INFO  userDefinedLibraries.LoggerClass - ==========================================
