18:09:19.153 [main] INFO  userDefinedLibraries.LoggerClass - Clicked On Student Plans
18:09:26.412 [main] INFO  userDefinedLibraries.LoggerClass - Filled the Student Details
18:09:28.924 [main] INFO  userDefinedLibraries.LoggerClass - Selcted Travel Duration
18:09:33.655 [main] INFO  userDefinedLibraries.LoggerClass - Sorted the plans
18:09:38.847 [main] INFO  userDefinedLibraries.LoggerClass - Printed The 3 Lowest Plans
18:09:40.496 [main] INFO  userDefinedLibraries.LoggerClass - Moving to Car Insurance Option
18:09:40.980 [main] INFO  userDefinedLibraries.LoggerClass - Clicked on Car Insurance Option
18:09:43.216 [main] INFO  userDefinedLibraries.LoggerClass - Clicked on New Car Option 
18:09:45.312 [main] INFO  userDefinedLibraries.LoggerClass - Selected City 
18:09:46.396 [main] INFO  userDefinedLibraries.LoggerClass - Selected Rto
18:09:49.453 [main] INFO  userDefinedLibraries.LoggerClass - Selected Car Brand 
18:09:53.779 [main] INFO  userDefinedLibraries.LoggerClass - Selected Car Model 
18:09:54.930 [main] INFO  userDefinedLibraries.LoggerClass - Selected Car Varient 
18:09:57.221 [main] INFO  userDefinedLibraries.LoggerClass - Sent Invalid EmailId as input
18:09:57.517 [main] INFO  userDefinedLibraries.LoggerClass - Captured Error message of Invalid Email
18:10:58.632 [main] INFO  userDefinedLibraries.LoggerClass - Moving to Insurance Product Dropdown
18:11:00.820 [main] INFO  userDefinedLibraries.LoggerClass - Printing All the Insurance in Health Insurance Menu 
18:11:08.487 [main] INFO  userDefinedLibraries.LoggerClass - Closed the Browser
18:11:08.487 [main] INFO  userDefinedLibraries.LoggerClass - ==========================================
18:12:45.448 [main] INFO  userDefinedLibraries.LoggerClass - ==========================================
18:12:45.451 [main] INFO  userDefinedLibraries.LoggerClass - Opening Url in Chrome Browser
18:12:45.451 [main] INFO  userDefinedLibraries.LoggerClass - ==========================================
18:12:56.390 [main] INFO  userDefinedLibraries.LoggerClass - Clicked on travel insurance option
18:13:00.681 [main] INFO  userDefinedLibraries.LoggerClass - Clicked on European Countries
18:13:02.810 [main] INFO  userDefinedLibraries.LoggerClass - Selected the Germany as a destination country 
18:13:09.204 [main] INFO  userDefinedLibraries.LoggerClass - Clicked on Next button 
18:13:19.916 [main] INFO  userDefinedLibraries.LoggerClass - Selected Start date from datepicker 
18:13:25.801 [main] INFO  userDefinedLibraries.LoggerClass - Selected End date from datepicker 
18:13:28.971 [main] INFO  userDefinedLibraries.LoggerClass - Clicked on Next button 
18:13:33.252 [main] INFO  userDefinedLibraries.LoggerClass - Selected no of persons for Insurance plan
18:13:39.855 [main] INFO  userDefinedLibraries.LoggerClass - Selected 1st person age
18:13:44.461 [main] INFO  userDefinedLibraries.LoggerClass - Selected 2nd person age
18:13:50.956 [main] INFO  userDefinedLibraries.LoggerClass - Selected Medical condition of the travellors
18:13:55.486 [main] INFO  userDefinedLibraries.LoggerClass - Entered Mobile Number
18:13:57.998 [main] INFO  userDefinedLibraries.LoggerClass - Clicked On ViewPlans
18:14:03.685 [main] INFO  userDefinedLibraries.LoggerClass - Clicked On Student Plans
18:14:11.054 [main] INFO  userDefinedLibraries.LoggerClass - Filled the Student Details
18:14:14.081 [main] INFO  userDefinedLibraries.LoggerClass - Selcted Travel Duration
18:14:19.511 [main] INFO  userDefinedLibraries.LoggerClass - Sorted the plans
18:14:25.217 [main] INFO  userDefinedLibraries.LoggerClass - Printed The 3 Lowest Plans
18:14:29.083 [main] INFO  userDefinedLibraries.LoggerClass - Moving to Car Insurance Option
18:14:29.650 [main] INFO  userDefinedLibraries.LoggerClass - Clicked on Car Insurance Option
18:14:32.012 [main] INFO  userDefinedLibraries.LoggerClass - Clicked on New Car Option 
18:14:34.468 [main] INFO  userDefinedLibraries.LoggerClass - Selected City 
18:14:35.564 [main] INFO  userDefinedLibraries.LoggerClass - Selected Rto
18:14:38.642 [main] INFO  userDefinedLibraries.LoggerClass - Selected Car Brand 
18:14:43.168 [main] INFO  userDefinedLibraries.LoggerClass - Selected Car Model 
18:14:44.427 [main] INFO  userDefinedLibraries.LoggerClass - Selected Car Varient 
18:14:46.847 [main] INFO  userDefinedLibraries.LoggerClass - Sent Invalid EmailId as input
18:14:47.319 [main] INFO  userDefinedLibraries.LoggerClass - Captured Error message of Invalid Email
18:15:49.365 [main] INFO  userDefinedLibraries.LoggerClass - Moving to Insurance Product Dropdown
18:15:51.723 [main] INFO  userDefinedLibraries.LoggerClass - Printing All the Insurance in Health Insurance Menu 
18:16:01.051 [main] INFO  userDefinedLibraries.LoggerClass - Closed the Browser
18:16:01.051 [main] INFO  userDefinedLibraries.LoggerClass - ==========================================
18:51:21.651 [main] INFO  userDefinedLibraries.LoggerClass - Loading the config properties file
